{"date":"Thu Oct 12 2017 17:16:37 GMT-0700 (PDT)","process":{"pid":25444,"uid":501,"gid":20,"cwd":"/Users/uptown/Projects/Personal/auth/src","execPath":"/usr/local/bin/node","version":"v7.7.3","argv":["/usr/local/bin/node","/Users/uptown/Projects/Personal/auth/src/index.js"],"memoryUsage":{"rss":22863872,"heapTotal":9355264,"heapUsed":4743616,"external":43405}},"os":{"loadavg":[1.52197265625,1.48779296875,1.53076171875],"uptime":530756},"trace":[{"column":36,"file":"/Users/uptown/Projects/Personal/auth/src/lib/logger.js","function":null,"line":25,"method":null,"native":false},{"column":32,"file":"module.js","function":"Module._compile","line":571,"method":"_compile","native":false},{"column":10,"file":"module.js","function":"Module._extensions..js","line":580,"method":".js","native":false},{"column":32,"file":"module.js","function":"Module.load","line":488,"method":"load","native":false},{"column":12,"file":"module.js","function":"tryModuleLoad","line":447,"method":null,"native":false},{"column":3,"file":"module.js","function":"Module._load","line":439,"method":"_load","native":false},{"column":17,"file":"module.js","function":"Module.require","line":498,"method":"require","native":false},{"column":19,"file":"internal/module.js","function":"require","line":20,"method":null,"native":false},{"column":16,"file":"/Users/uptown/Projects/Personal/auth/src/index.js","function":null,"line":2,"method":null,"native":false},{"column":32,"file":"module.js","function":"Module._compile","line":571,"method":"_compile","native":false}],"stack":["ReferenceError: logPath is not defined","    at Object.<anonymous> (/Users/uptown/Projects/Personal/auth/src/lib/logger.js:25:36)","    at Module._compile (module.js:571:32)","    at Object.Module._extensions..js (module.js:580:10)","    at Module.load (module.js:488:32)","    at tryModuleLoad (module.js:447:12)","    at Function.Module._load (module.js:439:3)","    at Module.require (module.js:498:17)","    at require (internal/module.js:20:19)","    at Object.<anonymous> (/Users/uptown/Projects/Personal/auth/src/index.js:2:16)","    at Module._compile (module.js:571:32)"],"level":"error","message":"uncaughtException: logPath is not defined","timestamp":"2017-10-13T00:16:37.866Z"}
{"level":"info","message":"writting logs to: ../logs","timestamp":"2017-10-13T00:19:13.784Z"}
{"level":"info","message":"writting logs to: ../logs","timestamp":"2017-10-13T00:19:53.283Z"}
{"level":"info","message":"writting logs to: ../logs","timestamp":"2017-10-13T00:20:22.841Z"}
{"level":"info","message":"http listening on 3000","timestamp":"2017-10-13T00:20:22.967Z"}
{"level":"info","message":"writting logs to: ../logs","timestamp":"2017-10-13T00:20:36.731Z"}
{"level":"info","message":"initializing app","timestamp":"2017-10-13T00:20:36.750Z"}
{"level":"info","message":"adding logger middleware","timestamp":"2017-10-13T00:20:36.855Z"}
{"level":"info","message":"http listening on 3000","timestamp":"2017-10-13T00:20:36.864Z"}
{"level":"info","message":"writting logs to: ../logs","timestamp":"2017-10-13T00:22:23.312Z"}
{"level":"info","message":"initializing app","timestamp":"2017-10-13T00:22:23.330Z"}
{"level":"info","message":"adding logger middleware","timestamp":"2017-10-13T00:22:23.401Z"}
{"level":"info","message":"app initialized","timestamp":"2017-10-13T00:22:23.403Z"}
{"level":"info","message":"http listening on 3000","timestamp":"2017-10-13T00:22:23.411Z"}
{"level":"info","message":"writting logs to: ../logs","timestamp":"2017-10-13T00:22:37.166Z"}
{"level":"info","message":"initializing app","timestamp":"2017-10-13T00:22:37.183Z"}
{"level":"info","message":"app initialized","timestamp":"2017-10-13T00:22:37.261Z"}
{"level":"info","message":"http listening on 3000","timestamp":"2017-10-13T00:22:37.268Z"}
{"level":"info","message":"writting logs to: ../logs","timestamp":"2017-10-13T00:23:55.891Z"}
{"level":"info","message":"initializing app","timestamp":"2017-10-13T00:23:55.909Z"}
{"level":"info","message":"app initialized","timestamp":"2017-10-13T00:23:55.986Z"}
{"level":"info","message":"http listening on 3000","timestamp":"2017-10-13T00:23:55.994Z"}
{"level":"info","message":"writting logs to: ../logs","timestamp":"2017-10-13T00:33:05.313Z"}
{"level":"info","message":"initializing app","timestamp":"2017-10-13T00:33:05.341Z"}
{"level":"info","message":"app initialized","timestamp":"2017-10-13T00:33:05.467Z"}
{"level":"info","message":"http listening on 3000","timestamp":"2017-10-13T00:33:05.475Z"}
{"level":"info","message":"writting logs to: ../logs","timestamp":"2017-10-13T00:33:05.769Z"}
{"level":"info","message":"initializing app","timestamp":"2017-10-13T00:33:05.785Z"}
{"level":"info","message":"app initialized","timestamp":"2017-10-13T00:33:05.855Z"}
{"level":"info","message":"http listening on 3000","timestamp":"2017-10-13T00:33:05.863Z"}
{"level":"info","message":"writting logs to: ../logs","timestamp":"2017-10-13T00:34:56.273Z"}
{"level":"info","message":"initializing app","timestamp":"2017-10-13T00:34:56.290Z"}
{"level":"info","message":"app initialized","timestamp":"2017-10-13T00:34:56.360Z"}
{"level":"info","message":"http listening on 3000","timestamp":"2017-10-13T00:34:56.368Z"}
{"level":"info","message":"writting logs to: ../logs","timestamp":"2017-10-13T00:35:17.247Z"}
{"level":"info","message":"initializing app","timestamp":"2017-10-13T00:35:17.265Z"}
{"level":"info","message":"app initialized","timestamp":"2017-10-13T00:35:17.337Z"}
{"level":"info","message":"http listening on 3000","timestamp":"2017-10-13T00:35:17.344Z"}
{"level":"info","message":"writting logs to: ../logs","timestamp":"2017-10-13T00:35:17.845Z"}
{"level":"info","message":"initializing app","timestamp":"2017-10-13T00:35:17.864Z"}
{"level":"info","message":"app initialized","timestamp":"2017-10-13T00:35:17.941Z"}
{"level":"info","message":"http listening on 3000","timestamp":"2017-10-13T00:35:17.950Z"}
{"level":"info","message":"writting logs to: ../logs","timestamp":"2017-10-13T00:35:57.223Z"}
{"level":"info","message":"initializing app","timestamp":"2017-10-13T00:35:57.558Z"}
{"level":"info","message":"app initialized","timestamp":"2017-10-13T00:35:57.627Z"}
{"level":"info","message":"http listening on 3000","timestamp":"2017-10-13T00:35:57.635Z"}
{"level":"info","message":"writting logs to: ../logs","timestamp":"2017-10-13T00:37:59.903Z"}
{"level":"info","message":"initializing app","timestamp":"2017-10-13T00:38:00.304Z"}
{"level":"info","message":"app initialized","timestamp":"2017-10-13T00:38:00.389Z"}
{"level":"info","message":"http listening on 3000","timestamp":"2017-10-13T00:38:00.405Z"}
{"level":"info","message":"writting logs to: ../logs","timestamp":"2017-10-13T00:38:28.947Z"}
{"level":"info","message":"initializing app","timestamp":"2017-10-13T00:38:29.310Z"}
{"level":"info","message":"app initialized","timestamp":"2017-10-13T00:38:29.453Z"}
{"level":"info","message":"http listening on 3000","timestamp":"2017-10-13T00:38:29.461Z"}
{"message":"failed to connect to server [localhost:27017] on first connect [MongoError: connect ECONNREFUSED 127.0.0.1:27017]","name":"MongoError","stack":"MongoError: failed to connect to server [localhost:27017] on first connect [MongoError: connect ECONNREFUSED 127.0.0.1:27017]\n    at Pool.<anonymous> (/Users/uptown/Projects/Personal/auth/node_modules/mongodb-core/lib/topologies/server.js:336:35)\n    at emitOne (events.js:96:13)\n    at Pool.emit (events.js:191:7)\n    at Connection.<anonymous> (/Users/uptown/Projects/Personal/auth/node_modules/mongodb-core/lib/connection/pool.js:280:12)\n    at Object.onceWrapper (events.js:293:19)\n    at emitTwo (events.js:106:13)\n    at Connection.emit (events.js:194:7)\n    at Socket.<anonymous> (/Users/uptown/Projects/Personal/auth/node_modules/mongodb-core/lib/connection/connection.js:187:49)\n    at Object.onceWrapper (events.js:293:19)\n    at emitOne (events.js:96:13)\n    at Socket.emit (events.js:191:7)\n    at emitErrorNT (net.js:1289:8)\n    at _combinedTickCallback (internal/process/next_tick.js:80:11)\n    at process._tickCallback (internal/process/next_tick.js:104:9)","level":"error","timestamp":"2017-10-13T00:38:29.472Z"}
{"level":"info","message":"writting logs to: ../logs","timestamp":"2017-10-13T00:39:25.704Z"}
{"level":"info","message":"initializing app","timestamp":"2017-10-13T00:39:26.024Z"}
{"level":"info","message":"app initialized","timestamp":"2017-10-13T00:39:26.115Z"}
{"level":"info","message":"http listening on 3000","timestamp":"2017-10-13T00:39:26.133Z"}
{"message":"failed to connect to server [docker:27017] on first connect [MongoError: connect ECONNREFUSED 192.168.64.5:27017]","name":"MongoError","stack":"MongoError: failed to connect to server [docker:27017] on first connect [MongoError: connect ECONNREFUSED 192.168.64.5:27017]\n    at Pool.<anonymous> (/Users/uptown/Projects/Personal/auth/node_modules/mongodb-core/lib/topologies/server.js:336:35)\n    at emitOne (events.js:96:13)\n    at Pool.emit (events.js:191:7)\n    at Connection.<anonymous> (/Users/uptown/Projects/Personal/auth/node_modules/mongodb-core/lib/connection/pool.js:280:12)\n    at Object.onceWrapper (events.js:293:19)\n    at emitTwo (events.js:106:13)\n    at Connection.emit (events.js:194:7)\n    at Socket.<anonymous> (/Users/uptown/Projects/Personal/auth/node_modules/mongodb-core/lib/connection/connection.js:187:49)\n    at Object.onceWrapper (events.js:293:19)\n    at emitOne (events.js:96:13)\n    at Socket.emit (events.js:191:7)\n    at emitErrorNT (net.js:1289:8)\n    at _combinedTickCallback (internal/process/next_tick.js:80:11)\n    at process._tickCallback (internal/process/next_tick.js:104:9)","level":"error","timestamp":"2017-10-13T00:39:26.148Z"}
{"level":"info","message":"writting logs to: ../logs","timestamp":"2017-10-13T00:42:13.975Z"}
{"level":"info","message":"initializing app","timestamp":"2017-10-13T00:42:14.438Z"}
{"level":"info","message":"app initialized","timestamp":"2017-10-13T00:42:14.580Z"}
{"level":"info","message":"http listening on 3000","timestamp":"2017-10-13T00:42:14.591Z"}
{"base":{"connections":[{"$ref":"$"}],"models":{},"modelSchemas":{},"options":{"pluralization":true},"plugins":[[null,{"deduplicate":true}],[null,{"deduplicate":true}],[null,{"deduplicate":true}]]},"collections":{},"models":{"$ref":"$[\"base\"][\"models\"]"},"config":{"autoIndex":true},"replica":false,"hosts":null,"host":"docker","port":27017,"user":null,"pass":null,"name":"test","options":null,"otherDbs":[],"states":{"0":"disconnected","1":"connected","2":"connecting","3":"disconnecting","4":"unauthorized","99":"uninitialized","disconnected":0,"connected":1,"connecting":2,"disconnecting":3,"unauthorized":4,"uninitialized":99},"_readyState":1,"_closeCalled":false,"_hasOpened":true,"_listening":false,"_connectionOptions":{},"db":{"domain":null,"_events":{},"_eventsCount":2,"s":{"databaseName":"test","dbCache":{},"children":[],"topology":{"domain":null,"_events":{"close":[null,null]},"_eventsCount":8,"clientInfo":{"driver":{"name":"nodejs","version":"2.2.31"},"os":{"type":"Darwin","name":"darwin","architecture":"x64","version":"16.7.0"},"platform":"Node.js v7.7.3, LE"},"s":{"server":{"domain":null,"_events":{},"_eventsCount":17,"id":0,"s":{"options":{"host":"docker","port":27017,"disconnectHandler":{"s":{"storedOps":[],"storeOptions":{"force":false,"bufferMaxEntries":-1},"topology":{"$ref":"$[\"db\"][\"s\"][\"topology\"]"}},"length":0},"reconnect":true,"emitError":true,"size":5,"socketOptions":{},"socketTimeout":360000,"connectionTimeout":30000,"clientInfo":{"$ref":"$[\"db\"][\"s\"][\"topology\"][\"clientInfo\"]"},"readPreference":{"_type":"ReadPreference","mode":"primary"},"bson":{}},"logger":{"className":"Server"},"bson":{"$ref":"$[\"db\"][\"s\"][\"topology\"][\"s\"][\"server\"][\"s\"][\"options\"][\"bson\"]"},"pool":{"domain":null,"_events":{},"_eventsCount":7,"options":{"host":"docker","port":27017,"size":5,"connectionTimeout":30000,"socketTimeout":360000,"keepAlive":true,"keepAliveInitialDelay":300000,"noDelay":true,"ssl":false,"checkServerIdentity":true,"ca":null,"crl":null,"cert":null,"key":null,"passPhrase":null,"rejectUnauthorized":false,"promoteLongs":true,"promoteValues":true,"promoteBuffers":false,"reconnect":true,"reconnectInterval":1000,"reconnectTries":30,"domainsEnabled":false,"disconnectHandler":{"$ref":"$[\"db\"][\"s\"][\"topology\"][\"s\"][\"server\"][\"s\"][\"options\"][\"disconnectHandler\"]"},"emitError":true,"socketOptions":{"$ref":"$[\"db\"][\"s\"][\"topology\"][\"s\"][\"server\"][\"s\"][\"options\"][\"socketOptions\"]"},"clientInfo":{"$ref":"$[\"db\"][\"s\"][\"topology\"][\"clientInfo\"]"},"readPreference":{"$ref":"$[\"db\"][\"s\"][\"topology\"][\"s\"][\"server\"][\"s\"][\"options\"][\"readPreference\"]"},"bson":{"$ref":"$[\"db\"][\"s\"][\"topology\"][\"s\"][\"server\"][\"s\"][\"options\"][\"bson\"]"}},"id":0,"retriesLeft":30,"reconnectId":null,"logger":{"className":"Pool"},"state":"connected","availableConnections":[{"domain":null,"_events":{},"_eventsCount":4,"options":{"$ref":"$[\"db\"][\"s\"][\"topology\"][\"s\"][\"server\"][\"s\"][\"pool\"][\"options\"]"},"id":0,"logger":{"className":"Connection"},"bson":{"$ref":"$[\"db\"][\"s\"][\"topology\"][\"s\"][\"server\"][\"s\"][\"options\"][\"bson\"]"},"maxBsonMessageSize":67108864,"port":27017,"host":"docker","family":4,"keepAlive":true,"keepAliveInitialDelay":300000,"noDelay":true,"connectionTimeout":30000,"socketTimeout":360000,"destroyed":false,"domainSocket":false,"singleBufferSerializtion":true,"serializationFunction":"toBinUnified","ca":null,"crl":null,"cert":null,"key":null,"passphrase":null,"ssl":false,"rejectUnauthorized":false,"checkServerIdentity":true,"responseOptions":{"promoteLongs":true,"promoteValues":true,"promoteBuffers":false},"flushing":false,"queue":[],"connection":{"connecting":false,"_hadError":false,"_handle":{"bytesRead":205,"_externalStream":{},"fd":16,"reading":true,"owner":{"$ref":"$[\"db\"][\"s\"][\"topology\"][\"s\"][\"server\"][\"s\"][\"pool\"][\"availableConnections\"][0][\"connection\"]"},"onconnection":null,"writeQueueSize":0},"_parent":null,"_host":"docker","_readableState":{"objectMode":false,"highWaterMark":16384,"buffer":{"head":null,"tail":null,"length":0},"length":0,"pipes":null,"pipesCount":0,"flowing":true,"ended":false,"endEmitted":false,"reading":true,"sync":false,"needReadable":true,"emittedReadable":false,"readableListening":false,"resumeScheduled":false,"defaultEncoding":"utf8","ranOut":false,"awaitDrain":0,"readingMore":false,"decoder":null,"encoding":null},"readable":true,"domain":null,"_events":{"connect":[null]},"_eventsCount":8,"_writableState":{"objectMode":false,"highWaterMark":16384,"needDrain":false,"ending":false,"ended":false,"finished":false,"decodeStrings":false,"defaultEncoding":"utf8","length":0,"writing":false,"corked":0,"sync":false,"bufferProcessing":false,"writecb":null,"writelen":0,"bufferedRequest":null,"lastBufferedRequest":null,"pendingcb":0,"prefinished":false,"errorEmitted":false,"bufferedRequestCount":0,"corkedRequestsFree":{"next":null,"entry":null}},"writable":true,"allowHalfOpen":false,"destroyed":false,"_bytesDispatched":258,"_sockname":null,"_pendingData":null,"_pendingEncoding":"","server":null,"_server":null,"_idleTimeout":360000,"_idleNext":{"_idleNext":{"$ref":"$[\"db\"][\"s\"][\"topology\"][\"s\"][\"server\"][\"s\"][\"pool\"][\"availableConnections\"][0][\"connection\"]"},"_idlePrev":{"$ref":"$[\"db\"][\"s\"][\"topology\"][\"s\"][\"server\"][\"s\"][\"pool\"][\"availableConnections\"][0][\"connection\"]"},"_timer":{"_list":{"$ref":"$[\"db\"][\"s\"][\"topology\"][\"s\"][\"server\"][\"s\"][\"pool\"][\"availableConnections\"][0][\"connection\"][\"_idleNext\"]"}},"_unrefed":true,"msecs":360000,"nextTick":false},"_idlePrev":{"$ref":"$[\"db\"][\"s\"][\"topology\"][\"s\"][\"server\"][\"s\"][\"pool\"][\"availableConnections\"][0][\"connection\"][\"_idleNext\"]"},"_idleStart":783,"_consuming":true},"writeStream":null,"hashedName":"d14d6af62b00bba9ffe7f7ae88003b40dbed424a","workItems":[],"buffer":null,"sizeOfMessage":0,"bytesRead":0,"stubBuffer":null}],"inUseConnections":[],"connectingConnections":[],"executing":false,"queue":[],"authProviders":{"mongocr":{"bson":{"$ref":"$[\"db\"][\"s\"][\"topology\"][\"s\"][\"server\"][\"s\"][\"options\"][\"bson\"]"},"authStore":[]},"x509":{"bson":{"$ref":"$[\"db\"][\"s\"][\"topology\"][\"s\"][\"server\"][\"s\"][\"options\"][\"bson\"]"},"authStore":[]},"plain":{"bson":{"$ref":"$[\"db\"][\"s\"][\"topology\"][\"s\"][\"server\"][\"s\"][\"options\"][\"bson\"]"},"authStore":[]},"gssapi":{"bson":{"$ref":"$[\"db\"][\"s\"][\"topology\"][\"s\"][\"server\"][\"s\"][\"options\"][\"bson\"]"},"authStore":[]},"sspi":{"bson":{"$ref":"$[\"db\"][\"s\"][\"topology\"][\"s\"][\"server\"][\"s\"][\"options\"][\"bson\"]"},"authStore":[]},"scram-sha-1":{"bson":{"$ref":"$[\"db\"][\"s\"][\"topology\"][\"s\"][\"server\"][\"s\"][\"options\"][\"bson\"]"},"authStore":[],"id":0}},"reconnectConnection":null,"authenticating":false,"loggingout":false,"nonAuthenticatedConnections":[],"authenticatingTimestamp":null,"numberOfConsecutiveTimeouts":0,"connectionIndex":1},"disconnectHandler":{"$ref":"$[\"db\"][\"s\"][\"topology\"][\"s\"][\"server\"][\"s\"][\"options\"][\"disconnectHandler\"]"},"monitoring":true,"inTopology":false,"monitoringInterval":5000,"topologyId":-1,"serverDescription":{"topologyType":"Single","servers":[{"address":"docker:27017","arbiters":[],"hosts":[],"passives":[],"type":"Standalone"}]},"topologyDescription":{"topologyType":"Unknown","servers":[{"address":"docker:27017","arbiters":[],"hosts":[],"passives":[],"type":"Unknown"}]}},"ismaster":{"ismaster":true,"maxBsonObjectSize":16777216,"maxMessageSizeBytes":48000000,"maxWriteBatchSize":1000,"localTime":"2017-10-13T00:42:14.694Z","maxWireVersion":5,"minWireVersion":0,"readOnly":false,"ok":1},"lastIsMasterMS":12,"monitoringProcessId":{"_called":false,"_idleTimeout":5000,"_idlePrev":{"_idleNext":{"$ref":"$[\"db\"][\"s\"][\"topology\"][\"s\"][\"server\"][\"monitoringProcessId\"]"},"_idlePrev":{"$ref":"$[\"db\"][\"s\"][\"topology\"][\"s\"][\"server\"][\"monitoringProcessId\"]"},"_timer":{"_list":{"$ref":"$[\"db\"][\"s\"][\"topology\"][\"s\"][\"server\"][\"monitoringProcessId\"][\"_idlePrev\"]"}},"_unrefed":false,"msecs":5000,"nextTick":false},"_idleNext":{"$ref":"$[\"db\"][\"s\"][\"topology\"][\"s\"][\"server\"][\"monitoringProcessId\"][\"_idlePrev\"]"},"_idleStart":787,"_repeat":null},"initalConnect":false,"wireProtocolHandler":{"legacyWireProtocol":{}},"_type":"server","clientInfo":{"driver":{"name":"nodejs","version":"2.2.31"},"os":{"type":"Darwin","name":"darwin","architecture":"x64","version":"16.7.0"},"platform":"Node.js v7.7.3, LE, mongodb-core: 2.1.15"},"lastUpdateTime":0,"lastWriteDate":0,"staleness":0},"sCapabilities":null,"clonedOptions":{"$ref":"$[\"db\"][\"s\"][\"topology\"][\"s\"][\"server\"][\"s\"][\"options\"]"},"reconnect":true,"emitError":true,"poolSize":5,"storeOptions":{"$ref":"$[\"db\"][\"s\"][\"topology\"][\"s\"][\"server\"][\"s\"][\"options\"][\"disconnectHandler\"][\"s\"][\"storeOptions\"]"},"store":{"$ref":"$[\"db\"][\"s\"][\"topology\"][\"s\"][\"server\"][\"s\"][\"options\"][\"disconnectHandler\"]"},"host":"docker","port":27017,"options":{"readPreference":{"$ref":"$[\"db\"][\"s\"][\"topology\"][\"s\"][\"server\"][\"s\"][\"options\"][\"readPreference\"]"}}}},"options":{"$ref":"$[\"db\"][\"s\"][\"topology\"][\"s\"][\"options\"]"},"logger":{"className":"Db"},"bson":{"$ref":"$[\"db\"][\"s\"][\"topology\"][\"s\"][\"server\"][\"s\"][\"options\"][\"bson\"]"},"readPreference":{"$ref":"$[\"db\"][\"s\"][\"topology\"][\"s\"][\"server\"][\"s\"][\"options\"][\"readPreference\"]"},"bufferMaxEntries":-1,"parentDb":null,"noListener":false},"serverConfig":{"$ref":"$[\"db\"][\"s\"][\"topology\"]"},"bufferMaxEntries":-1,"databaseName":"test"},"level":"info","message":"mongo connected","timestamp":"2017-10-13T00:42:14.615Z"}
{"level":"info","message":"writting logs to: ../logs","timestamp":"2017-10-13T00:43:15.488Z"}
{"level":"info","message":"initializing app","timestamp":"2017-10-13T00:43:15.800Z"}
{"level":"info","message":"app initialized","timestamp":"2017-10-13T00:43:15.920Z"}
{"level":"info","message":"http listening on 3000","timestamp":"2017-10-13T00:43:15.928Z"}
{"level":"info","message":"mongo connected","timestamp":"2017-10-13T00:43:15.948Z"}
{"level":"info","message":"writting logs to: ../logs","timestamp":"2017-10-13T00:43:47.828Z"}
{"level":"info","message":"initializing mongo connection","timestamp":"2017-10-13T00:43:48.293Z"}
{"level":"info","message":"initializing app","timestamp":"2017-10-13T00:43:48.294Z"}
{"level":"info","message":"app initialized","timestamp":"2017-10-13T00:43:48.434Z"}
{"level":"info","message":"http listening on 3000","timestamp":"2017-10-13T00:43:48.442Z"}
{"level":"info","message":"mongo connected","timestamp":"2017-10-13T00:43:48.463Z"}
{"level":"info","message":"writting logs to: ../logs","timestamp":"2017-10-13T00:44:42.265Z"}
{"level":"info","message":"initializing mongo connection","timestamp":"2017-10-13T00:44:42.802Z"}
{"level":"info","message":"initializing app","timestamp":"2017-10-13T00:44:42.805Z"}
{"level":"info","message":"app initialized","timestamp":"2017-10-13T00:44:42.937Z"}
{"level":"info","message":"http listening on 3000","timestamp":"2017-10-13T00:44:42.946Z"}
{"level":"info","message":"mongo connected","timestamp":"2017-10-13T00:44:42.962Z"}
{"level":"info","message":"writting logs to: ../logs","timestamp":"2017-10-13T00:46:24.268Z"}
{"level":"info","message":"initializing mongo connection","timestamp":"2017-10-13T00:46:24.704Z"}
{"level":"info","message":"initializing app","timestamp":"2017-10-13T00:46:24.706Z"}
{"level":"info","message":"app initialized","timestamp":"2017-10-13T00:46:24.826Z"}
{"level":"info","message":"http listening on 3000","timestamp":"2017-10-13T00:46:24.835Z"}
{"level":"info","message":"mongo connected","timestamp":"2017-10-13T00:46:24.853Z"}
{"level":"info","message":"\u001b[0mGET / \u001b[33m404 \u001b[0m3.770 ms - 139\u001b[0m\n","timestamp":"2017-10-13T00:46:54.590Z"}
{"level":"info","message":"writting logs to: ../logs","timestamp":"2017-10-13T00:47:46.209Z"}
{"level":"info","message":"initializing mongo connection","timestamp":"2017-10-13T00:47:46.603Z"}
{"level":"info","message":"initializing app","timestamp":"2017-10-13T00:47:46.605Z"}
{"level":"info","message":"app initialized","timestamp":"2017-10-13T00:47:46.608Z"}
{"level":"info","message":"http listening on 3000","timestamp":"2017-10-13T00:47:46.619Z"}
{"level":"info","message":"mongo connected","timestamp":"2017-10-13T00:47:46.642Z"}
{"level":"info","message":"writting logs to: ../logs","timestamp":"2017-10-13T00:47:50.196Z"}
{"level":"info","message":"initializing mongo connection","timestamp":"2017-10-13T00:47:50.648Z"}
{"level":"info","message":"initializing app","timestamp":"2017-10-13T00:47:50.650Z"}
{"level":"info","message":"app initialized","timestamp":"2017-10-13T00:47:50.653Z"}
{"level":"info","message":"http listening on 3000","timestamp":"2017-10-13T00:47:50.662Z"}
{"level":"info","message":"mongo connected","timestamp":"2017-10-13T00:47:50.688Z"}
{"level":"info","message":"writting logs to: ../logs","timestamp":"2017-10-13T00:48:02.359Z"}
{"level":"info","message":"initializing mongo connection","timestamp":"2017-10-13T00:48:02.743Z"}
{"level":"info","message":"initializing app","timestamp":"2017-10-13T00:48:02.745Z"}
{"date":"Thu Oct 12 2017 17:48:02 GMT-0700 (PDT)","process":{"pid":28309,"uid":501,"gid":20,"cwd":"/Users/uptown/Projects/Personal/auth/src","execPath":"/usr/local/bin/node","version":"v7.7.3","argv":["/usr/local/bin/node","/Users/uptown/Projects/Personal/auth/src/index.js"],"memoryUsage":{"rss":47378432,"heapTotal":34009088,"heapUsed":21589720,"external":18698104}},"os":{"loadavg":[3.44287109375,3.31103515625,2.9921875],"uptime":532641},"trace":[{"column":11,"file":"/Users/uptown/Projects/Personal/auth/node_modules/express/lib/application.js","function":"Function.use","line":210,"method":"use","native":false},{"column":5,"file":"/Users/uptown/Projects/Personal/auth/src/app.js","function":null,"line":19,"method":null,"native":false},{"column":32,"file":"module.js","function":"Module._compile","line":571,"method":"_compile","native":false},{"column":10,"file":"module.js","function":"Module._extensions..js","line":580,"method":".js","native":false},{"column":32,"file":"module.js","function":"Module.load","line":488,"method":"load","native":false},{"column":12,"file":"module.js","function":"tryModuleLoad","line":447,"method":null,"native":false},{"column":3,"file":"module.js","function":"Module._load","line":439,"method":"_load","native":false},{"column":17,"file":"module.js","function":"Module.require","line":498,"method":"require","native":false},{"column":19,"file":"internal/module.js","function":"require","line":20,"method":null,"native":false},{"column":13,"file":"/Users/uptown/Projects/Personal/auth/src/index.js","function":null,"line":3,"method":null,"native":false},{"column":32,"file":"module.js","function":"Module._compile","line":571,"method":"_compile","native":false},{"column":10,"file":"module.js","function":"Module._extensions..js","line":580,"method":".js","native":false},{"column":32,"file":"module.js","function":"Module.load","line":488,"method":"load","native":false},{"column":12,"file":"module.js","function":"tryModuleLoad","line":447,"method":null,"native":false},{"column":3,"file":"module.js","function":"Module._load","line":439,"method":"_load","native":false},{"column":10,"file":"module.js","function":"Module.runMain","line":605,"method":"runMain","native":false}],"stack":["TypeError: app.use() requires a middleware function","    at Function.use (/Users/uptown/Projects/Personal/auth/node_modules/express/lib/application.js:210:11)","    at Object.<anonymous> (/Users/uptown/Projects/Personal/auth/src/app.js:19:5)","    at Module._compile (module.js:571:32)","    at Object.Module._extensions..js (module.js:580:10)","    at Module.load (module.js:488:32)","    at tryModuleLoad (module.js:447:12)","    at Function.Module._load (module.js:439:3)","    at Module.require (module.js:498:17)","    at require (internal/module.js:20:19)","    at Object.<anonymous> (/Users/uptown/Projects/Personal/auth/src/index.js:3:13)","    at Module._compile (module.js:571:32)","    at Object.Module._extensions..js (module.js:580:10)","    at Module.load (module.js:488:32)","    at tryModuleLoad (module.js:447:12)","    at Function.Module._load (module.js:439:3)","    at Module.runMain (module.js:605:10)"],"level":"error","message":"uncaughtException: app.use() requires a middleware function","timestamp":"2017-10-13T00:48:02.749Z"}
{"level":"info","message":"mongo connected","timestamp":"2017-10-13T00:48:02.773Z"}
{"level":"info","message":"writting logs to: ../logs","timestamp":"2017-10-13T00:48:14.216Z"}
{"level":"info","message":"initializing mongo connection","timestamp":"2017-10-13T00:48:14.583Z"}
{"level":"info","message":"initializing app","timestamp":"2017-10-13T00:48:14.585Z"}
{"level":"info","message":"app initialized","timestamp":"2017-10-13T00:48:14.588Z"}
{"level":"info","message":"http listening on 3000","timestamp":"2017-10-13T00:48:14.598Z"}
{"level":"info","message":"mongo connected","timestamp":"2017-10-13T00:48:14.619Z"}
{"level":"info","message":"writting logs to: ../logs","timestamp":"2017-10-13T00:48:37.436Z"}
{"level":"info","message":"initializing mongo connection","timestamp":"2017-10-13T00:48:37.810Z"}
{"level":"info","message":"initializing app","timestamp":"2017-10-13T00:48:37.811Z"}
{"level":"info","message":"app initialized","timestamp":"2017-10-13T00:48:37.814Z"}
{"level":"info","message":"http listening on 3000","timestamp":"2017-10-13T00:48:37.823Z"}
{"level":"info","message":"mongo connected","timestamp":"2017-10-13T00:48:37.843Z"}
{"level":"info","message":"writting logs to: ../logs","timestamp":"2017-10-13T00:49:10.511Z"}
{"level":"info","message":"initializing mongo connection","timestamp":"2017-10-13T00:49:10.869Z"}
{"level":"info","message":"initializing app","timestamp":"2017-10-13T00:49:10.871Z"}
{"level":"info","message":"app initialized","timestamp":"2017-10-13T00:49:10.873Z"}
{"level":"info","message":"http listening on 3000","timestamp":"2017-10-13T00:49:10.881Z"}
{"level":"info","message":"mongo connected","timestamp":"2017-10-13T00:49:10.903Z"}
{"level":"info","message":"\u001b[0mGET / \u001b[31m500 \u001b[0m14.296 ms - 2064\u001b[0m\n","timestamp":"2017-10-13T00:49:20.604Z"}
{"level":"info","message":"\u001b[0mGET /favicon.ico \u001b[31m500 \u001b[0m1.457 ms - 2064\u001b[0m\n","timestamp":"2017-10-13T00:49:21.225Z"}
{"level":"info","message":"writting logs to: ../logs","timestamp":"2017-10-13T00:49:39.636Z"}
{"level":"info","message":"initializing mongo connection","timestamp":"2017-10-13T00:49:40.019Z"}
{"level":"info","message":"initializing app","timestamp":"2017-10-13T00:49:40.020Z"}
{"level":"info","message":"app initialized","timestamp":"2017-10-13T00:49:40.023Z"}
{"level":"info","message":"http listening on 3000","timestamp":"2017-10-13T00:49:40.031Z"}
{"level":"info","message":"mongo connected","timestamp":"2017-10-13T00:49:40.052Z"}
{"level":"info","message":"\u001b[0mGET / \u001b[31m500 \u001b[0m8.778 ms - 2071\u001b[0m\n","timestamp":"2017-10-13T00:49:42.555Z"}
{"level":"info","message":"\u001b[0mGET /favicon.ico \u001b[31m500 \u001b[0m1.334 ms - 2071\u001b[0m\n","timestamp":"2017-10-13T00:49:43.174Z"}
{"level":"info","message":"writting logs to: ../logs","timestamp":"2017-10-13T00:49:51.860Z"}
{"level":"info","message":"initializing mongo connection","timestamp":"2017-10-13T00:49:52.247Z"}
{"level":"info","message":"initializing app","timestamp":"2017-10-13T00:49:52.248Z"}
{"level":"info","message":"app initialized","timestamp":"2017-10-13T00:49:52.251Z"}
{"level":"info","message":"http listening on 3000","timestamp":"2017-10-13T00:49:52.259Z"}
{"level":"info","message":"mongo connected","timestamp":"2017-10-13T00:49:52.279Z"}
{"level":"info","message":"\u001b[0mGET / \u001b[32m200 \u001b[0m3.752 ms - 8\u001b[0m\n","timestamp":"2017-10-13T00:49:53.409Z"}
{"level":"info","message":"\u001b[0mGET /favicon.ico \u001b[32m200 \u001b[0m0.916 ms - 8\u001b[0m\n","timestamp":"2017-10-13T00:49:54.003Z"}
{"level":"info","message":"writting logs to: ../logs","timestamp":"2017-10-13T00:52:30.819Z"}
{"level":"info","message":"writting logs to: ../logs","timestamp":"2017-10-13T00:52:31.364Z"}
{"level":"info","message":"initializing mongo connection","timestamp":"2017-10-13T00:52:31.659Z"}
{"level":"info","message":"initializing app","timestamp":"2017-10-13T00:52:31.660Z"}
{"level":"info","message":"app initialized","timestamp":"2017-10-13T00:52:31.743Z"}
{"level":"info","message":"http listening on 3000","timestamp":"2017-10-13T00:52:31.751Z"}
{"level":"info","message":"mongo connected","timestamp":"2017-10-13T00:52:31.772Z"}
{"level":"info","message":"writting logs to: ../logs","timestamp":"2017-10-13T00:57:13.981Z"}
{"level":"info","message":"initializing mongo connection","timestamp":"2017-10-13T00:57:14.266Z"}
{"level":"info","message":"initializing app","timestamp":"2017-10-13T00:57:14.267Z"}
{"level":"info","message":"app initialized","timestamp":"2017-10-13T00:57:14.373Z"}
{"level":"info","message":"http listening on 3000","timestamp":"2017-10-13T00:57:14.382Z"}
{"level":"info","message":"mongo connected","timestamp":"2017-10-13T00:57:14.407Z"}
{"level":"info","message":"\u001b[0mGET / \u001b[36m304 \u001b[0m3.911 ms - -\u001b[0m\n","timestamp":"2017-10-13T00:57:18.368Z"}
{"level":"info","message":"\u001b[0mGET /favicon.ico \u001b[32m200 \u001b[0m0.882 ms - 8\u001b[0m\n","timestamp":"2017-10-13T00:57:18.950Z"}
{"level":"info","message":"\u001b[0mGET / \u001b[36m304 \u001b[0m0.881 ms - -\u001b[0m\n","timestamp":"2017-10-13T00:57:51.231Z"}
{"level":"info","message":"\u001b[0mGET /favicon.ico \u001b[32m200 \u001b[0m0.810 ms - 8\u001b[0m\n","timestamp":"2017-10-13T00:57:51.799Z"}
{"level":"info","message":"writting logs to: ../logs","timestamp":"2017-10-13T00:57:56.120Z"}
{"level":"info","message":"initializing mongo connection","timestamp":"2017-10-13T00:57:56.424Z"}
{"level":"info","message":"initializing app","timestamp":"2017-10-13T00:57:56.426Z"}
{"level":"info","message":"app initialized","timestamp":"2017-10-13T00:57:56.533Z"}
{"level":"info","message":"http listening on 3000","timestamp":"2017-10-13T00:57:56.545Z"}
{"level":"info","message":"mongo connected","timestamp":"2017-10-13T00:57:56.567Z"}
{"level":"info","message":"::1 - - [13/Oct/2017:00:57:58 +0000] \"GET / HTTP/1.1\" 304 - \"-\" \"Mozilla/5.0 (Macintosh; Intel Mac OS X 10_12_6) AppleWebKit/537.36 (KHTML, like Gecko) Chrome/60.0.3112.113 Safari/537.36\"\n","timestamp":"2017-10-13T00:57:58.623Z"}
{"level":"info","message":"::1 - - [13/Oct/2017:00:57:58 +0000] \"GET /favicon.ico HTTP/1.1\" 200 8 \"http://localhost:3000/\" \"Mozilla/5.0 (Macintosh; Intel Mac OS X 10_12_6) AppleWebKit/537.36 (KHTML, like Gecko) Chrome/60.0.3112.113 Safari/537.36\"\n","timestamp":"2017-10-13T00:57:58.817Z"}
{"level":"info","message":"writting logs to: ../logs","timestamp":"2017-10-13T00:58:29.228Z"}
{"level":"info","message":"initializing mongo connection","timestamp":"2017-10-13T00:58:29.526Z"}
{"level":"info","message":"initializing app","timestamp":"2017-10-13T00:58:29.528Z"}
{"level":"info","message":"app initialized","timestamp":"2017-10-13T00:58:29.642Z"}
{"level":"info","message":"http listening on 3000","timestamp":"2017-10-13T00:58:29.651Z"}
{"level":"info","message":"mongo connected","timestamp":"2017-10-13T00:58:29.671Z"}
{"level":"info","message":"::1 - - [13/Oct/2017:00:58:32 +0000] \"GET / HTTP/1.1\" 304 - \"-\" \"Mozilla/5.0 (Macintosh; Intel Mac OS X 10_12_6) AppleWebKit/537.36 (KHTML, like Gecko) Chrome/60.0.3112.113 Safari/537.36\"\n","timestamp":"2017-10-13T00:58:32.832Z"}
{"level":"info","message":"::1 - - [13/Oct/2017:00:58:33 +0000] \"GET /favicon.ico HTTP/1.1\" 200 8 \"http://localhost:3000/\" \"Mozilla/5.0 (Macintosh; Intel Mac OS X 10_12_6) AppleWebKit/537.36 (KHTML, like Gecko) Chrome/60.0.3112.113 Safari/537.36\"\n","timestamp":"2017-10-13T00:58:33.500Z"}
